ERROR:root:Error getting club stats. https://en.wikipedia.org/wiki/Cristiano_Ronaldo argument of type 'int' is not iterable.
ERROR:root:Error getting international stats. https://en.wikipedia.org/wiki/Cristiano_Ronaldo argument of type 'int' is not iterable.
ERROR:root:Error getting club stats. https://en.wikipedia.org/wiki/Cristiano_Ronaldo argument of type 'int' is not iterable.
ERROR:root:Error getting international stats. https://en.wikipedia.org/wiki/Cristiano_Ronaldo argument of type 'int' is not iterable.
ERROR:root:Error getting club stats. https://en.wikipedia.org/wiki/Cristiano_Ronaldo argument of type 'int' is not iterable.
ERROR:root:Error getting international stats. https://en.wikipedia.org/wiki/Cristiano_Ronaldo argument of type 'int' is not iterable.
ERROR:root:Error getting club stats. https://en.wikipedia.org/wiki/Cristiano_Ronaldo argument of type 'int' is not iterable.
ERROR:root:Error getting international stats. https://en.wikipedia.org/wiki/Cristiano_Ronaldo argument of type 'int' is not iterable.
ERROR:root:Error getting club stats. https://en.wikipedia.org/wiki/Cristiano_Ronaldo argument of type 'int' is not iterable.
ERROR:root:Error getting international stats. https://en.wikipedia.org/wiki/Cristiano_Ronaldo argument of type 'int' is not iterable.
ERROR:root:Error getting club stats. https://en.wikipedia.org/wiki/Cristiano_Ronaldo argument of type 'int' is not iterable.
ERROR:root:Error getting international stats. https://en.wikipedia.org/wiki/Cristiano_Ronaldo argument of type 'int' is not iterable.
ERROR:root:Error getting club stats. https://en.wikipedia.org/wiki/Cristiano_Ronaldo argument of type 'int' is not iterable.
ERROR:root:Error getting international stats. https://en.wikipedia.org/wiki/Cristiano_Ronaldo argument of type 'int' is not iterable.
ERROR:root:Error getting club stats. https://en.wikipedia.org/wiki/Cristiano_Ronaldo argument of type 'int' is not iterable.
ERROR:root:Error getting international stats. https://en.wikipedia.org/wiki/Cristiano_Ronaldo argument of type 'int' is not iterable.
ERROR:root:Error getting club stats. https://en.wikipedia.org/wiki/Cristiano_Ronaldo argument of type 'int' is not iterable.
ERROR:root:Error getting international stats. https://en.wikipedia.org/wiki/Cristiano_Ronaldo argument of type 'int' is not iterable.
ERROR:root:Error getting club stats. https://en.wikipedia.org/wiki/Cristiano_Ronaldo argument of type 'int' is not iterable.
ERROR:root:Error getting international stats. https://en.wikipedia.org/wiki/Cristiano_Ronaldo argument of type 'int' is not iterable.
ERROR:root:Error getting club stats. https://en.wikipedia.org/wiki/Cristiano_Ronaldo argument of type 'int' is not iterable.
ERROR:root:Error getting international stats. https://en.wikipedia.org/wiki/Cristiano_Ronaldo argument of type 'int' is not iterable.
ERROR:root:Error getting club stats. https://en.wikipedia.org/wiki/Cristiano_Ronaldo argument of type 'int' is not iterable.
ERROR:root:Error getting international stats. https://en.wikipedia.org/wiki/Cristiano_Ronaldo argument of type 'int' is not iterable.
ERROR:root:Error getting club stats. https://en.wikipedia.org/wiki/Cristiano_Ronaldo argument of type 'int' is not iterable.
ERROR:root:Error getting international stats. https://en.wikipedia.org/wiki/Cristiano_Ronaldo argument of type 'int' is not iterable.
ERROR:root:Failed to retrieve player page. https://en.wikipedia.org/wiki/Ole_GUnnar_Solskjaer.
ERROR:root:failed to get bio info. 'NoneType' object has no attribute 'find_all' https://en.wikipedia.org/wiki/Reece_James.
ERROR:root:failed to get bio info. 'NoneType' object has no attribute 'find_all' https://en.wikipedia.org/wiki/Antony.
ERROR:root:failed to get bio info. 'NoneType' object has no attribute 'find_all' https://en.wikipedia.org/wiki/Alan_Shearer.
ERROR:root:failed to get bio info. 'NoneType' object has no attribute 'find_all' https://en.wikipedia.org/wiki/David_James.
ERROR:root:failed to get bio info. 'NoneType' object has no attribute 'find_all' https://en.wikipedia.org/wiki/Juninho.
ERROR:root:failed to get bio info. 'NoneType' object has no attribute 'find_all' https://en.wikipedia.org/wiki/Dan_James.
ERROR:root:Failed to retrieve player page. https://en.wikipedia.org/wiki/Lisandro_Martinez.
ERROR:root:Failed to retrieve player page. https://en.wikipedia.org/wiki/VIrgil_van_Dijk.
ERROR:root:failed to get bio info. 'NoneType' object has no attribute 'find_all' https://en.wikipedia.org/wiki/Cristian_Romero.
ERROR:root:failed to get bio info. 'NoneType' object has no attribute 'find_all' https://en.wikipedia.org/wiki/Kaka.
ERROR:root:failed to get bio info. 'NoneType' object has no attribute 'find_all' https://en.wikipedia.org/wiki/Maicon.
ERROR:root:failed to get bio info. 'NoneType' object has no attribute 'find_all' https://en.wikipedia.org/wiki/Eder.
ERROR:root:Failed to retrieve player page. https://en.wikipedia.org/wiki/Mauro_Icardo.
ERROR:root:failed to get bio info. 'NoneType' object has no attribute 'find_all' https://en.wikipedia.org/wiki/Reece_James.
ERROR:root:failed to get bio info. 'NoneType' object has no attribute 'find_all' https://en.wikipedia.org/wiki/Antony.
ERROR:root:failed to get bio info. 'NoneType' object has no attribute 'find_all' https://en.wikipedia.org/wiki/Alan_Shearer.
ERROR:root:failed to get bio info. 'NoneType' object has no attribute 'find_all' https://en.wikipedia.org/wiki/David_James.
ERROR:root:failed to get bio info. 'NoneType' object has no attribute 'find_all' https://en.wikipedia.org/wiki/Juninho.
ERROR:root:failed to get bio info. 'NoneType' object has no attribute 'find_all' https://en.wikipedia.org/wiki/Reece_James.
ERROR:root:failed to get bio info. 'NoneType' object has no attribute 'find_all' https://en.wikipedia.org/wiki/Antony.
ERROR:root:failed to get bio info. 'NoneType' object has no attribute 'find_all' https://en.wikipedia.org/wiki/Alan_Shearer.
ERROR:root:failed to get bio info. 'NoneType' object has no attribute 'find_all' https://en.wikipedia.org/wiki/David_James.
ERROR:root:failed to get bio info. 'NoneType' object has no attribute 'find_all' https://en.wikipedia.org/wiki/Juninho.
ERROR:root:failed to get bio info. 'NoneType' object has no attribute 'find_all' https://en.wikipedia.org/wiki/Dan_James.
ERROR:root:Failed to retrieve player page. https://en.wikipedia.org/wiki/Lisandro_Martinez.
ERROR:root:Failed to retrieve player page. https://en.wikipedia.org/wiki/VIrgil_van_Dijk.
ERROR:root:failed to get bio info. 'NoneType' object has no attribute 'find_all' https://en.wikipedia.org/wiki/Cristian_Romero.
ERROR:root:failed to get bio info. 'NoneType' object has no attribute 'find_all' https://en.wikipedia.org/wiki/Kaka.
ERROR:root:failed to get bio info. 'NoneType' object has no attribute 'find_all' https://en.wikipedia.org/wiki/Maicon.
ERROR:root:failed to get bio info. 'NoneType' object has no attribute 'find_all' https://en.wikipedia.org/wiki/Eder.
ERROR:root:Failed to retrieve player page. https://en.wikipedia.org/wiki/Mauro_Icardo.
ERROR:root:height formatted weird could not convert string to float: '5\xa0ft' Jack Grealish
ERROR:root:height formatted weird could not convert string to float: '6\xa0ft' Kyle Lafferty
ERROR:root:height formatted weird could not convert string to float: '6\xa0ft' Frank Lampard
ERROR:root:height formatted weird could not convert string to float: '6\xa0ft' Steven Gerrard
ERROR:root:height formatted weird could not convert string to float: '5\xa0ft' Paul Scholes
ERROR:root:failed to get bio info. 'NoneType' object has no attribute 'find_all' https://en.wikipedia.org/wiki/Reece_James.
ERROR:root:failed to get bio info. 'NoneType' object has no attribute 'find_all' https://en.wikipedia.org/wiki/Antony.
ERROR:root:failed to get bio info. 'NoneType' object has no attribute 'find_all' https://en.wikipedia.org/wiki/Alan_Shearer.
ERROR:root:failed to get bio info. 'NoneType' object has no attribute 'find_all' https://en.wikipedia.org/wiki/David_James.
ERROR:root:failed to get bio info. 'NoneType' object has no attribute 'find_all' https://en.wikipedia.org/wiki/Juninho.
ERROR:root:failed to get bio info. 'NoneType' object has no attribute 'find_all' https://en.wikipedia.org/wiki/Dan_James.
ERROR:root:Failed to retrieve player page. https://en.wikipedia.org/wiki/Lisandro_Martinez.
ERROR:root:Failed to retrieve player page. https://en.wikipedia.org/wiki/VIrgil_van_Dijk.
ERROR:root:failed to get bio info. 'NoneType' object has no attribute 'find_all' https://en.wikipedia.org/wiki/Cristian_Romero.
ERROR:root:failed to get bio info. 'NoneType' object has no attribute 'find_all' https://en.wikipedia.org/wiki/Kaka.
ERROR:root:failed to get bio info. 'NoneType' object has no attribute 'find_all' https://en.wikipedia.org/wiki/Maicon.
ERROR:root:failed to get bio info. 'NoneType' object has no attribute 'find_all' https://en.wikipedia.org/wiki/Eder.
ERROR:root:height formatted weird could not convert string to float: '5\xa0ft' Jack Grealish
ERROR:root:height formatted weird could not convert string to float: '6\xa0ft' Kyle Lafferty
ERROR:root:height formatted weird could not convert string to float: '6\xa0ft' Frank Lampard
ERROR:root:height formatted weird could not convert string to float: '6\xa0ft' Steven Gerrard
ERROR:root:height formatted weird could not convert string to float: '5\xa0ft' Paul Scholes
ERROR:root:failed to get bio info. 'NoneType' object has no attribute 'find_all' https://en.wikipedia.org/wiki/Reece_James.
ERROR:root:failed to get bio info. 'NoneType' object has no attribute 'find_all' https://en.wikipedia.org/wiki/Antony.
ERROR:root:failed to get bio info. 'NoneType' object has no attribute 'find_all' https://en.wikipedia.org/wiki/Alan_Shearer.
ERROR:root:failed to get bio info. 'NoneType' object has no attribute 'find_all' https://en.wikipedia.org/wiki/David_James.
ERROR:root:failed to get bio info. 'NoneType' object has no attribute 'find_all' https://en.wikipedia.org/wiki/Juninho.
ERROR:root:failed to get bio info. 'NoneType' object has no attribute 'find_all' https://en.wikipedia.org/wiki/Dan_James.
ERROR:root:Failed to retrieve player page. https://en.wikipedia.org/wiki/Lisandro_Martinez.
ERROR:root:Failed to retrieve player page. https://en.wikipedia.org/wiki/VIrgil_van_Dijk.
ERROR:root:failed to get bio info. 'NoneType' object has no attribute 'find_all' https://en.wikipedia.org/wiki/Cristian_Romero.
ERROR:root:failed to get bio info. 'NoneType' object has no attribute 'find_all' https://en.wikipedia.org/wiki/Kaka.
ERROR:root:failed to get bio info. 'NoneType' object has no attribute 'find_all' https://en.wikipedia.org/wiki/Maicon.
ERROR:root:failed to get bio info. 'NoneType' object has no attribute 'find_all' https://en.wikipedia.org/wiki/Eder.
ERROR:root:failed to get bio info. 'NoneType' object has no attribute 'find_all' https://en.wikipedia.org/wiki/Reece_James.
ERROR:root:failed to get bio info. 'NoneType' object has no attribute 'find_all' https://en.wikipedia.org/wiki/Antony.
ERROR:root:failed to get bio info. 'NoneType' object has no attribute 'find_all' https://en.wikipedia.org/wiki/Alan_Shearer.
ERROR:root:failed to get bio info. 'NoneType' object has no attribute 'find_all' https://en.wikipedia.org/wiki/David_James.
ERROR:root:failed to get bio info. 'NoneType' object has no attribute 'find_all' https://en.wikipedia.org/wiki/Juninho.
ERROR:root:failed to get bio info. 'NoneType' object has no attribute 'find_all' https://en.wikipedia.org/wiki/Dan_James.
ERROR:root:Failed to retrieve player page. https://en.wikipedia.org/wiki/Lisandro_Martinez.
ERROR:root:Failed to retrieve player page. https://en.wikipedia.org/wiki/VIrgil_van_Dijk.
ERROR:root:failed to get bio info. 'NoneType' object has no attribute 'find_all' https://en.wikipedia.org/wiki/Cristian_Romero.
ERROR:root:failed to get bio info. 'NoneType' object has no attribute 'find_all' https://en.wikipedia.org/wiki/Kaka.
ERROR:root:failed to get bio info. 'NoneType' object has no attribute 'find_all' https://en.wikipedia.org/wiki/Maicon.
ERROR:root:failed to get bio info. 'NoneType' object has no attribute 'find_all' https://en.wikipedia.org/wiki/Eder.
ERROR:root:height formatted weird could not convert string to float: '5\xa0ft' Jack Grealish
ERROR:root:height formatted weird could not convert string to float: '6\xa0ft' Kyle Lafferty
ERROR:root:height formatted weird could not convert string to float: '6\xa0ft' Frank Lampard
ERROR:root:height formatted weird could not convert string to float: '6\xa0ft' Steven Gerrard
ERROR:root:height formatted weird could not convert string to float: '5\xa0ft' Paul Scholes
ERROR:root:height formatted weird could not convert string to float: '5\xa0ft' Jamie Vardy
ERROR:root:height formatted weird could not convert string to float: '5\xa0ft' James Maddison
ERROR:root:height formatted weird could not convert string to float: '5\xa0ft' James Ward Prowse
ERROR:root:failed to get bio info. 'NoneType' object has no attribute 'find_all' https://en.wikipedia.org/wiki/Reece_James.
ERROR:root:failed to get bio info. 'NoneType' object has no attribute 'find_all' https://en.wikipedia.org/wiki/Antony.
ERROR:root:failed to get bio info. 'NoneType' object has no attribute 'find_all' https://en.wikipedia.org/wiki/Alan_Shearer.
ERROR:root:failed to get bio info. 'NoneType' object has no attribute 'find_all' https://en.wikipedia.org/wiki/Reece_James.
ERROR:root:failed to get bio info. 'NoneType' object has no attribute 'find_all' https://en.wikipedia.org/wiki/Antony.
ERROR:root:failed to get bio info. 'NoneType' object has no attribute 'find_all' https://en.wikipedia.org/wiki/Alan_Shearer.
ERROR:root:failed to get bio info. 'NoneType' object has no attribute 'find_all' https://en.wikipedia.org/wiki/David_James.
ERROR:root:failed to get bio info. 'NoneType' object has no attribute 'find_all' https://en.wikipedia.org/wiki/Juninho.
ERROR:root:failed to get bio info. 'NoneType' object has no attribute 'find_all' https://en.wikipedia.org/wiki/Dan_James.
ERROR:root:Failed to retrieve player page. https://en.wikipedia.org/wiki/Lisandro_Martinez.
ERROR:root:Failed to retrieve player page. https://en.wikipedia.org/wiki/VIrgil_van_Dijk.
ERROR:root:failed to get bio info. 'NoneType' object has no attribute 'find_all' https://en.wikipedia.org/wiki/Cristian_Romero.
ERROR:root:failed to get bio info. 'NoneType' object has no attribute 'find_all' https://en.wikipedia.org/wiki/Kaka.
ERROR:root:failed to get bio info. 'NoneType' object has no attribute 'find_all' https://en.wikipedia.org/wiki/Maicon.
ERROR:root:failed to get bio info. 'NoneType' object has no attribute 'find_all' https://en.wikipedia.org/wiki/Eder.
ERROR:root:failed to get bio info. 'NoneType' object has no attribute 'find_all' https://en.wikipedia.org/wiki/Reece_James.
ERROR:root:failed to get bio info. 'NoneType' object has no attribute 'find_all' https://en.wikipedia.org/wiki/Antony.
ERROR:root:failed to get bio info. 'NoneType' object has no attribute 'find_all' https://en.wikipedia.org/wiki/Alan_Shearer.
ERROR:root:failed to get bio info. 'NoneType' object has no attribute 'find_all' https://en.wikipedia.org/wiki/Reece_James.
ERROR:root:failed to get bio info. 'NoneType' object has no attribute 'find_all' https://en.wikipedia.org/wiki/Antony.
ERROR:root:failed to get bio info. 'NoneType' object has no attribute 'find_all' https://en.wikipedia.org/wiki/Alan_Shearer.
ERROR:root:failed to get bio info. 'NoneType' object has no attribute 'find_all' https://en.wikipedia.org/wiki/Reece_James.
ERROR:root:failed to get bio info. 'NoneType' object has no attribute 'find_all' https://en.wikipedia.org/wiki/Antony.
ERROR:root:failed to get bio info. 'NoneType' object has no attribute 'find_all' https://en.wikipedia.org/wiki/Alan_Shearer.
ERROR:root:failed to get bio info. 'NoneType' object has no attribute 'find_all' https://en.wikipedia.org/wiki/Reece_James.
ERROR:root:failed to get bio info. 'NoneType' object has no attribute 'find_all' https://en.wikipedia.org/wiki/Antony.
ERROR:root:failed to get bio info. 'NoneType' object has no attribute 'find_all' https://en.wikipedia.org/wiki/Alan_Shearer.
ERROR:root:failed to get bio info. 'NoneType' object has no attribute 'find_all' https://en.wikipedia.org/wiki/Reece_James.
ERROR:root:failed to get bio info. 'NoneType' object has no attribute 'find_all' https://en.wikipedia.org/wiki/Antony.
ERROR:root:failed to get bio info. 'NoneType' object has no attribute 'find_all' https://en.wikipedia.org/wiki/Alan_Shearer.
ERROR:root:failed to get bio info. 'NoneType' object has no attribute 'find_all' https://en.wikipedia.org/wiki/Reece_James.
ERROR:root:failed to get bio info. 'NoneType' object has no attribute 'find_all' https://en.wikipedia.org/wiki/Antony.
ERROR:root:failed to get bio info. 'NoneType' object has no attribute 'find_all' https://en.wikipedia.org/wiki/Alan_Shearer.
ERROR:root:failed to get bio info. 'NoneType' object has no attribute 'find_all' https://en.wikipedia.org/wiki/Reece_James.
ERROR:root:failed to get bio info. 'NoneType' object has no attribute 'find_all' https://en.wikipedia.org/wiki/Antony.
ERROR:root:failed to get bio info. 'NoneType' object has no attribute 'find_all' https://en.wikipedia.org/wiki/Alan_Shearer.
ERROR:root:failed to get bio info. 'NoneType' object has no attribute 'find_all' https://en.wikipedia.org/wiki/Reece_James.
ERROR:root:failed to get bio info. 'NoneType' object has no attribute 'find_all' https://en.wikipedia.org/wiki/Reece_James.
ERROR:root:failed to get bio info. 'NoneType' object has no attribute 'find_all' https://en.wikipedia.org/wiki/Antony.
ERROR:root:failed to get bio info. 'NoneType' object has no attribute 'find_all' https://en.wikipedia.org/wiki/Alan_Shearer.
ERROR:root:failed to get bio info. 'NoneType' object has no attribute 'find_all' https://en.wikipedia.org/wiki/Reece_James.
ERROR:root:failed to get bio info. 'NoneType' object has no attribute 'find_all' https://en.wikipedia.org/wiki/Reece_James.
ERROR:root:failed to get bio info. 'NoneType' object has no attribute 'find_all' https://en.wikipedia.org/wiki/Antony.
ERROR:root:failed to get bio info. 'NoneType' object has no attribute 'find_all' https://en.wikipedia.org/wiki/Alan_Shearer.
ERROR:root:failed to get bio info. 'NoneType' object has no attribute 'find_all' https://en.wikipedia.org/wiki/Reece_James.
ERROR:root:failed to get bio info. 'NoneType' object has no attribute 'find_all' https://en.wikipedia.org/wiki/Antony.
ERROR:root:failed to get bio info. 'NoneType' object has no attribute 'find_all' https://en.wikipedia.org/wiki/Alan_Shearer.
ERROR:root:failed to get bio info. 'NoneType' object has no attribute 'find_all' https://en.wikipedia.org/wiki/Reece_James.
ERROR:root:failed to get bio info. 'NoneType' object has no attribute 'find_all' https://en.wikipedia.org/wiki/Antony.
ERROR:root:failed to get bio info. 'NoneType' object has no attribute 'find_all' https://en.wikipedia.org/wiki/Alan_Shearer.
ERROR:root:failed to get bio info. 'NoneType' object has no attribute 'find_all' https://en.wikipedia.org/wiki/Reece_James.
ERROR:root:failed to get bio info. 'NoneType' object has no attribute 'find_all' https://en.wikipedia.org/wiki/Antony.
ERROR:root:failed to get bio info. 'NoneType' object has no attribute 'find_all' https://en.wikipedia.org/wiki/Alan_Shearer.
ERROR:root:failed to get bio info. 'NoneType' object has no attribute 'find_all' https://en.wikipedia.org/wiki/Reece_James.
ERROR:root:failed to get bio info. 'NoneType' object has no attribute 'find_all' https://en.wikipedia.org/wiki/Antony.
ERROR:root:failed to get bio info. 'NoneType' object has no attribute 'find_all' https://en.wikipedia.org/wiki/Alan_Shearer.
WARNING:root:different-biography table 'Full name'.
WARNING:root:date of birth error 'Date of birth'
WARNING:root:place of birth error 'Place of birth'
WARNING:root:different-biography table 'Full name'.
WARNING:root:date of birth error 'Date of birth'
WARNING:root:place of birth error 'Place of birth'
WARNING:root:different-biography table 'Full name'.
WARNING:root:date of birth error 'Date of birth'
WARNING:root:place of birth error 'Place of birth'
WARNING:root:different-biography table 'Full name'.
WARNING:root:date of birth error 'Date of birth'
WARNING:root:different-biography table 'Full name'.
WARNING:root:date of birth error 'Date of birth'
WARNING:root:different-biography table 'Full name'.
WARNING:root:date of birth error 'Date of birth'
WARNING:root:place of birth error 'Place of birth'
WARNING:root:different-biography table 'Full name'.
WARNING:root:date of birth error 'Date of birth'
WARNING:root:place of birth error 'Place of birth'
ERROR:root:failed to get bio info. 'NoneType' object has no attribute 'find_all' https://en.wikipedia.org/wiki/Antony.
ERROR:root:failed to get bio info. 'NoneType' object has no attribute 'find_all' https://en.wikipedia.org/wiki/Antony.
ERROR:root:failed to get bio info. 'NoneType' object has no attribute 'find_all' https://en.wikipedia.org/wiki/Antony.
ERROR:root:failed to get bio info. 'NoneType' object has no attribute 'find_all' https://en.wikipedia.org/wiki/Antony.
WARNING:root:different-biography table 'Full name'.
WARNING:root:date of birth error 'Date of birth'
WARNING:root:place of birth error 'Place of birth'
ERROR:root:failed to get bio info. 'NoneType' object has no attribute 'find_all' https://en.wikipedia.org/wiki/Antony.
ERROR:root:failed to get bio info. 'NoneType' object has no attribute 'find_all' https://en.wikipedia.org/wiki/Reece_James.
ERROR:root:failed to get bio info. 'NoneType' object has no attribute 'find_all' https://en.wikipedia.org/wiki/Antony.
WARNING:root:different-biography table 'Full name'.
WARNING:root:date of birth error 'Date of birth'
WARNING:root:place of birth error 'Place of birth'
ERROR:root:failed to get bio info. 'NoneType' object has no attribute 'find_all' https://en.wikipedia.org/wiki/Reece_James.
ERROR:root:failed to get bio info. 'NoneType' object has no attribute 'find_all' https://en.wikipedia.org/wiki/Antony.
WARNING:root:different-biography table 'Full name'.
WARNING:root:date of birth error 'Date of birth'
WARNING:root:place of birth error 'Place of birth'
ERROR:root:failed to get bio info. 'NoneType' object has no attribute 'find_all' https://en.wikipedia.org/wiki/David_James.
WARNING:root:different-biography table 'Full name'.
ERROR:root:failed to get bio info. 'NoneType' object has no attribute 'find_all' https://en.wikipedia.org/wiki/Juninho.
WARNING:root:different-biography table 'Full name'.
ERROR:root:failed to get bio info. 'NoneType' object has no attribute 'find_all' https://en.wikipedia.org/wiki/Dan_James.
ERROR:root:Failed to retrieve player page. https://en.wikipedia.org/wiki/Lisandro_Martinez.
WARNING:root:different-biography table 'Full name'.
WARNING:root:date of birth error 'Date of birth'
WARNING:root:place of birth error 'Place of birth'
ERROR:root:Failed to retrieve player page. https://en.wikipedia.org/wiki/VIrgil_van_Dijk.
ERROR:root:failed to get bio info. 'NoneType' object has no attribute 'find_all' https://en.wikipedia.org/wiki/Cristian_Romero.
ERROR:root:failed to get bio info. 'NoneType' object has no attribute 'find_all' https://en.wikipedia.org/wiki/Kaka.
WARNING:root:different-biography table 'Full name'.
WARNING:root:date of birth error 'Date of birth'
WARNING:root:place of birth error 'Place of birth'
WARNING:root:different-biography table 'Full name'.
ERROR:root:failed to get bio info. 'NoneType' object has no attribute 'find_all' https://en.wikipedia.org/wiki/Maicon.
ERROR:root:failed to get bio info. 'NoneType' object has no attribute 'find_all' https://en.wikipedia.org/wiki/Eder.
ERROR:root:failed to get bio info. 'NoneType' object has no attribute 'find_all' https://en.wikipedia.org/wiki/Reece_James.
ERROR:root:failed to get bio info. 'NoneType' object has no attribute 'find_all' https://en.wikipedia.org/wiki/Antony.
WARNING:root:different-biography table 'Full name'.
WARNING:root:date of birth error 'Date of birth'
WARNING:root:place of birth error 'Place of birth'
ERROR:root:failed to get bio info. 'NoneType' object has no attribute 'find_all' https://en.wikipedia.org/wiki/David_James.
ERROR:root:failed to get bio info. 'NoneType' object has no attribute 'find_all' https://en.wikipedia.org/wiki/Reece_James.
ERROR:root:failed to get bio info. 'NoneType' object has no attribute 'find_all' https://en.wikipedia.org/wiki/Antony.
WARNING:root:different-biography table 'Full name'.
WARNING:root:date of birth error 'Date of birth'
WARNING:root:place of birth error 'Place of birth'
ERROR:root:failed to get bio info. 'NoneType' object has no attribute 'find_all' https://en.wikipedia.org/wiki/David_James.
WARNING:root:different-biography table 'Full name'.
ERROR:root:failed to get bio info. 'NoneType' object has no attribute 'find_all' https://en.wikipedia.org/wiki/Juninho.
WARNING:root:different-biography table 'Full name'.
ERROR:root:failed to get bio info. 'NoneType' object has no attribute 'find_all' https://en.wikipedia.org/wiki/Dan_James.
ERROR:root:Failed to retrieve player page. https://en.wikipedia.org/wiki/Lisandro_Martinez.
WARNING:root:different-biography table 'Full name'.
WARNING:root:date of birth error 'Date of birth'
WARNING:root:place of birth error 'Place of birth'
ERROR:root:failed to get bio info. 'NoneType' object has no attribute 'find_all' https://en.wikipedia.org/wiki/Reece_James.
ERROR:root:failed to get bio info. 'NoneType' object has no attribute 'find_all' https://en.wikipedia.org/wiki/Antony.
WARNING:root:different-biography table 'Full name'.
WARNING:root:date of birth error 'Date of birth'
WARNING:root:place of birth error 'Place of birth'
ERROR:root:failed to get bio info. 'NoneType' object has no attribute 'find_all' https://en.wikipedia.org/wiki/David_James.
WARNING:root:different-biography table 'Full name'.
ERROR:root:failed to get bio info. 'NoneType' object has no attribute 'find_all' https://en.wikipedia.org/wiki/Juninho.
WARNING:root:different-biography table 'Full name'.
ERROR:root:failed to get bio info. 'NoneType' object has no attribute 'find_all' https://en.wikipedia.org/wiki/Dan_James.
ERROR:root:Failed to retrieve player page. https://en.wikipedia.org/wiki/Lisandro_Martinez.
WARNING:root:different-biography table 'Full name'.
WARNING:root:date of birth error 'Date of birth'
WARNING:root:place of birth error 'Place of birth'
ERROR:root:Failed to retrieve player page. https://en.wikipedia.org/wiki/VIrgil_van_Dijk.
ERROR:root:failed to get bio info. 'NoneType' object has no attribute 'find_all' https://en.wikipedia.org/wiki/Reece_James.
ERROR:root:failed to get bio info. 'NoneType' object has no attribute 'find_all' https://en.wikipedia.org/wiki/Antony.
WARNING:root:different-biography table 'Full name'.
WARNING:root:date of birth error 'Date of birth'
WARNING:root:place of birth error 'Place of birth'
ERROR:root:failed to get bio info. 'NoneType' object has no attribute 'find_all' https://en.wikipedia.org/wiki/David_James.
WARNING:root:different-biography table 'Full name'.
ERROR:root:failed to get bio info. 'NoneType' object has no attribute 'find_all' https://en.wikipedia.org/wiki/Juninho.
WARNING:root:different-biography table 'Full name'.
ERROR:root:failed to get bio info. 'NoneType' object has no attribute 'find_all' https://en.wikipedia.org/wiki/Dan_James.
ERROR:root:Failed to retrieve player page. https://en.wikipedia.org/wiki/Lisandro_Martinez.
WARNING:root:different-biography table 'Full name'.
WARNING:root:date of birth error 'Date of birth'
WARNING:root:place of birth error 'Place of birth'
ERROR:root:Failed to retrieve player page. https://en.wikipedia.org/wiki/VIrgil_van_Dijk.
ERROR:root:failed to get bio info. 'NoneType' object has no attribute 'find_all' https://en.wikipedia.org/wiki/Cristian_Romero.
ERROR:root:failed to get bio info. 'NoneType' object has no attribute 'find_all' https://en.wikipedia.org/wiki/Kaka.
WARNING:root:different-biography table 'Full name'.
WARNING:root:date of birth error 'Date of birth'
WARNING:root:place of birth error 'Place of birth'
WARNING:root:different-biography table 'Full name'.
ERROR:root:failed to get bio info. 'NoneType' object has no attribute 'find_all' https://en.wikipedia.org/wiki/Maicon.
ERROR:root:failed to get bio info. 'NoneType' object has no attribute 'find_all' https://en.wikipedia.org/wiki/Eder.
ERROR:root:Failed to retrieve player page. https://en.wikipedia.org/wiki/ZZlatan.
WARNING:root:different-biography table 'Full name'.
WARNING:root:date of birth error 'Date of birth'
WARNING:root:place of birth error 'Place of birth'
ERROR:root:couldnt scrape invalid literal for int() with base 10: '2"'
ERROR:root:couldnt scrape 'NoneType' object is not subscriptable
ERROR:root:failed to get bio info. 'NoneType' object has no attribute 'find_all' https://en.wikipedia.org/wiki/Cristian_Romero.
ERROR:root:failed to get bio info. 'NoneType' object has no attribute 'find_all' https://en.wikipedia.org/wiki/Cristian_Romero.
ERROR:root:failed to get bio info. 'NoneType' object has no attribute 'find_all' https://en.wikipedia.org/wiki/pep.
ERROR:root:failed to get bio info. 'NoneType' object has no attribute 'find_all' https://en.wikipedia.org/wiki/Morata.
ERROR:root:couldnt scrape 'NoneType' object is not subscriptable
ERROR:root:couldnt scrape scrape_non_disambiguation_page() missing 1 required positional argument: 'player_url'
ERROR:root:failed to get bio info. 'NoneType' object has no attribute 'find_all' https://en.wikipedia.org/wiki/Cristian_Romero.
ERROR:root:Failed to retrieve player page. https://en.wikipedia.org/wiki/Alfe-Inge_Haaland.
ERROR:root:Failed to retrieve player page. https://en.wikipedia.org/wiki/Kostis_Manolas.
ERROR:root:failed to get bio info. 'NoneType' object has no attribute 'find_all' https://en.wikipedia.org/wiki/Michael_Keane.
ERROR:root:couldnt scrape 'Height'
ERROR:root:failed to get bio info. 'NoneType' object has no attribute 'find_all' https://en.wikipedia.org/wiki/Michael_Keane.
ERROR:root:couldnt scrape 'Height'
ERROR:root:couldnt scrape database is locked
ERROR:root:couldnt scrape 'NoneType' object is not subscriptable
ERROR:root:couldnt scrape 'NoneType' object is not subscriptable
ERROR:root:Failed to retrieve player page. https://en.wikipedia.org/wiki/Kvicha_Kvaratshkelia.
ERROR:root:Failed to retrieve player page. https://en.wikipedia.org/wiki/Khvicha_Kvaratshkelia.
WARNING:root:different-biography table 'Full name'.
WARNING:root:date of birth error 'Date of birth'
WARNING:root:place of birth error 'Place of birth'
ERROR:root:couldnt scrape argument of type 'float' is not iterable
ERROR:root:Failed to retrieve player page. https://en.wikipedia.org/wiki/Victor_Gazzaniga.
ERROR:root:failed to get bio info. 'NoneType' object has no attribute 'find_all' https://en.wikipedia.org/wiki/Riquelme.
